<?xml version="1.0" encoding="UTF-8"?>
<!-- Generated by org.testng.reporters.JUnitReportReporter -->
<testsuite hostname="DESKTOP-1RLTEAV" failures="0" tests="9" name="testRunner.AdminLogin" time="59.887" errors="0" timestamp="05 Mar 2025 12:04:02 GMT" skipped="0">
  <testcase classname="testRunner.AdminLogin" name="runScenario" time="8.380"/>
  <testcase classname="testRunner.AdminLogin" name="runScenario" time="6.133"/>
  <testcase classname="testRunner.AdminLogin" name="runScenario" time="6.866"/>
  <testcase classname="testRunner.AdminLogin" name="runScenario" time="5.990"/>
  <testcase classname="testRunner.AdminLogin" name="runScenario" time="6.919"/>
  <testcase classname="testRunner.AdminLogin" name="runScenario" time="6.052"/>
  <testcase classname="testRunner.AdminLogin" name="runScenario" time="6.395"/>
  <testcase classname="testRunner.AdminLogin" name="runScenario" time="7.126"/>
  <testcase classname="testRunner.AdminLogin" name="runScenario" time="6.026"/>
</testsuite> <!-- testRunner.AdminLogin -->
